--------------------------------------------------------------------------------
ModelTest-NG v0.1.7

Input data:
  MSA:        algn_os9971.fasta
  Tree:       Maximum parsimony
    file:           -
  #taxa:            38
  #sites:           757
  #patterns:        147
  Max. thread mem:  2 MB

Output:
  Log:           algn_os9971.fasta.log
  Starting tree: algn_os9971.fasta.tree
  Results:       algn_os9971.fasta.out

Selection options:
  # dna schemes:      11
  # dna models:       88
  include model parameters:
    Uniform:         true
    p-inv (+I):      true
    gamma (+G):      true
    both (+I+G):     true
    free rates (+R): false
    fixed freqs:     true
    estimated freqs: true
    #categories:     4
  gamma rates mode:   mean
  asc bias:           none
  epsilon (opt):      0.01
  epsilon (par):      0.05
  keep branches:      false

Additional options:
  verbosity:        very low
  threads:          1/8
  RNG seed:         12345
  subtree repeats:  enabled
--------------------------------------------------------------------------------

BIC       model              K            lnL          score          delta    weight
--------------------------------------------------------------------------------
       1  HKY+G4             5     -1981.9466      4480.9835         0.0000    0.5594
       2  HKY                4     -1986.7335      4483.9280         2.9445    0.1283
       3  HKY+I              5     -1983.6105      4484.3113         3.3279    0.1060
       4  TPM3uf+G4          6     -1981.0349      4485.7895         4.8061    0.0506
       5  TPM1uf+G4          6     -1981.4684      4486.6565         5.6731    0.0328
       6  TPM2uf+G4          6     -1981.9191      4487.5578         6.5744    0.0209
       7  TrN+G4             6     -1981.9410      4487.6017         6.6182    0.0204
       8  HKY+I+G4           6     -1981.9609      4487.6416         6.6581    0.0200
       9  TPM3uf             5     -1985.9028      4488.8959         7.9124    0.0107
      10  TPM3uf+I           6     -1982.7407      4489.2011         8.2176    0.0092
--------------------------------------------------------------------------------
Best model according to BIC
---------------------------
Model:              HKY+G4
lnL:                -1981.9466
Frequencies:        0.3046 0.2099 0.1699 0.3156
Subst. Rates:       1.0000 4.4497 1.0000 1.0000 4.4497 1.0000 
Inv. sites prop:    -
Gamma shape:        0.8574
Score:              4480.9835
Weight:             0.5594
---------------------------
Parameter importances
---------------------------
P.Inv:              0.1299
Gamma:              0.6881
Gamma-Inv:          0.0247
Frequencies:        1.0000
---------------------------
Model averaged estimates
---------------------------
P.Inv:              0.3747
Alpha:              0.8489
Alpha-P.Inv:        0.9801
P.Inv-Alpha:        0.0660
Frequencies:        0.3046 0.2096 0.1699 0.3159 

Commands:
  > phyml  -i algn_os9971.fasta -m 010010 -f m -v 0 -a e -c 4 -o tlr
  > raxmlHPC-SSE3 -s algn_os9971.fasta -m GTRGAMMAX -n EXEC_NAME -p PARSIMONY_SEED
  > raxml-ng --msa algn_os9971.fasta --model HKY+G4
  > paup -s algn_os9971.fasta
  > iqtree -s algn_os9971.fasta -m HKY+G4

AIC       model              K            lnL          score          delta    weight
--------------------------------------------------------------------------------
       1  HKY+G4             5     -1981.9466      4119.8931         0.0000    0.1528
       2  TPM3uf+G4          6     -1981.0349      4120.0699         0.1767    0.1399
       3  TPM1uf+G4          6     -1981.4684      4120.9368         1.0437    0.0907
       4  TPM2uf+G4          6     -1981.9191      4121.8381         1.9450    0.0578
       5  TrN+G4             6     -1981.9410      4121.8820         1.9889    0.0565
       6  HKY+I+G4           6     -1981.9609      4121.9219         2.0288    0.0554
       7  TIM3+G4            7     -1981.0350      4122.0701         2.1770    0.0514
       8  TPM3uf+I+G4        7     -1981.0376      4122.0751         2.1820    0.0513
       9  TIM1+G4            7     -1981.4695      4122.9390         3.0459    0.0333
      10  TPM1uf+I+G4        7     -1981.4880      4122.9760         3.0829    0.0327
--------------------------------------------------------------------------------
Best model according to AIC
---------------------------
Model:              HKY+G4
lnL:                -1981.9466
Frequencies:        0.3046 0.2099 0.1699 0.3156
Subst. Rates:       1.0000 4.4497 1.0000 1.0000 4.4497 1.0000 
Inv. sites prop:    -
Gamma shape:        0.8574
Score:              4119.8931
Weight:             0.1528
---------------------------
Parameter importances
---------------------------
P.Inv:              0.1186
Gamma:              0.6355
Gamma-Inv:          0.2317
Frequencies:        1.0000
---------------------------
Model averaged estimates
---------------------------
P.Inv:              0.3710
Alpha:              0.8229
Alpha-P.Inv:        0.9224
P.Inv-Alpha:        0.0453
Frequencies:        0.3047 0.2087 0.1697 0.3169 

Commands:
  > phyml  -i algn_os9971.fasta -m 010010 -f m -v 0 -a e -c 4 -o tlr
  > raxmlHPC-SSE3 -s algn_os9971.fasta -m GTRGAMMAX -n EXEC_NAME -p PARSIMONY_SEED
  > raxml-ng --msa algn_os9971.fasta --model HKY+G4
  > paup -s algn_os9971.fasta
  > iqtree -s algn_os9971.fasta -m HKY+G4

AICc      model              K            lnL          score          delta    weight
--------------------------------------------------------------------------------
       1  HKY+G4             5     -1981.9466      4137.8931         0.0000    0.1770
       2  TPM3uf+G4          6     -1981.0349      4138.0699         0.1767    0.1620
       3  TPM1uf+G4          6     -1981.4684      4138.9368         1.0437    0.1050
       4  TPM2uf+G4          6     -1981.9191      4139.8381         1.9450    0.0669
       5  TrN+G4             6     -1981.9410      4139.8820         1.9889    0.0655
       6  HKY+I+G4           6     -1981.9609      4139.9219         2.0288    0.0642
       7  TIM3+G4            7     -1981.0350      4141.0701         3.1770    0.0362
       8  TPM3uf+I+G4        7     -1981.0376      4141.0751         3.1820    0.0361
       9  HKY+I              5     -1983.6105      4141.2210         3.3279    0.0335
      10  TPM3uf+I           6     -1982.7407      4141.4814         3.5882    0.0294
--------------------------------------------------------------------------------
Best model according to AICc
---------------------------
Model:              HKY+G4
lnL:                -1981.9466
Frequencies:        0.3046 0.2099 0.1699 0.3156
Subst. Rates:       1.0000 4.4497 1.0000 1.0000 4.4497 1.0000 
Inv. sites prop:    -
Gamma shape:        0.8574
Score:              4137.8931
Weight:             0.1770
---------------------------
Parameter importances
---------------------------
P.Inv:              0.1254
Gamma:              0.6710
Gamma-Inv:          0.1848
Frequencies:        1.0000
---------------------------
Model averaged estimates
---------------------------
P.Inv:              0.3713
Alpha:              0.8239
Alpha-P.Inv:        0.9332
P.Inv-Alpha:        0.0493
Frequencies:        0.3047 0.2088 0.1697 0.3168 

Commands:
  > phyml  -i algn_os9971.fasta -m 010010 -f m -v 0 -a e -c 4 -o tlr
  > raxmlHPC-SSE3 -s algn_os9971.fasta -m GTRGAMMAX -n EXEC_NAME -p PARSIMONY_SEED
  > raxml-ng --msa algn_os9971.fasta --model HKY+G4
  > paup -s algn_os9971.fasta
  > iqtree -s algn_os9971.fasta -m HKY+G4
Done
