--------------------------------------------------------------------------------
ModelTest-NG v0.1.7

Input data:
  MSA:        algn_os17357.fasta
  Tree:       Maximum parsimony
    file:           -
  #taxa:            38
  #sites:           776
  #patterns:        89
  Max. thread mem:  1 MB

Output:
  Log:           algn_os17357.fasta.log
  Starting tree: algn_os17357.fasta.tree
  Results:       algn_os17357.fasta.out

Selection options:
  # dna schemes:      11
  # dna models:       88
  include model parameters:
    Uniform:         true
    p-inv (+I):      true
    gamma (+G):      true
    both (+I+G):     true
    free rates (+R): false
    fixed freqs:     true
    estimated freqs: true
    #categories:     4
  gamma rates mode:   mean
  asc bias:           none
  epsilon (opt):      0.01
  epsilon (par):      0.05
  keep branches:      false

Additional options:
  verbosity:        very low
  threads:          1/8
  RNG seed:         12345
  subtree repeats:  enabled
--------------------------------------------------------------------------------

BIC       model              K            lnL          score          delta    weight
--------------------------------------------------------------------------------
       1  HKY                4     -1691.8542      3896.0782         0.0000    0.4229
       2  TPM1uf             5     -1689.3070      3897.6379         1.5597    0.1939
       3  HKY+G4             5     -1690.0158      3899.0555         2.9773    0.0954
       4  HKY+I              5     -1690.3666      3899.7572         3.6790    0.0672
       5  TPM3uf             5     -1690.6077      3900.2393         4.1611    0.0528
       6  TPM1uf+G4          6     -1687.5578      3900.7937         4.7156    0.0400
       7  TPM1uf+I           6     -1687.9280      3901.5340         5.4559    0.0276
       8  TrN                5     -1691.5169      3902.0577         5.9795    0.0213
       9  TPM2uf             5     -1691.5241      3902.0720         5.9939    0.0211
      10  TPM3uf+G4          6     -1688.8700      3903.4180         7.3399    0.0108
--------------------------------------------------------------------------------
Best model according to BIC
---------------------------
Model:              HKY
lnL:                -1691.8542
Frequencies:        0.3519 0.1797 0.1640 0.3044
Subst. Rates:       1.0000 2.9551 1.0000 1.0000 2.9551 1.0000 
Inv. sites prop:    -
Gamma shape:        -
Score:              3896.0782
Weight:             0.4229
---------------------------
Parameter importances
---------------------------
P.Inv:              0.1103
Gamma:              0.1581
Gamma-Inv:          0.0057
Frequencies:        1.0000
---------------------------
Model averaged estimates
---------------------------
P.Inv:              0.4176
Alpha:              0.9248
Alpha-P.Inv:        1.0903
P.Inv-Alpha:        0.0567
Frequencies:        0.3522 0.1792 0.1639 0.3047 

Commands:
  > phyml  -i algn_os17357.fasta -m 010010 -f m -v 0 -a 0 -c 1 -o tlr
  > raxmlHPC-SSE3 -s algn_os17357.fasta -c 1 -m GTRCATX -n EXEC_NAME -p PARSIMONY_SEED
  > raxml-ng --msa algn_os17357.fasta --model HKY
  > paup -s algn_os17357.fasta
  > iqtree -s algn_os17357.fasta -m HKY

AIC       model              K            lnL          score          delta    weight
--------------------------------------------------------------------------------
       1  TPM1uf+G4          6     -1687.5578      3533.1157         0.0000    0.1432
       2  TPM1uf+I           6     -1687.9280      3533.8560         0.7403    0.0989
       3  TIM1+G4            7     -1687.2678      3534.5355         1.4198    0.0704
       4  TPM1uf             5     -1689.3070      3534.6140         1.4983    0.0677
       5  TPM1uf+I+G4        7     -1687.5682      3535.1365         2.0208    0.0521
       6  TIM1+I             7     -1687.6602      3535.3204         2.2048    0.0476
       7  TPM3uf+G4          6     -1688.8700      3535.7400         2.6243    0.0386
       8  TIM1               6     -1688.9716      3535.9433         2.8276    0.0348
       9  TVM+G4             8     -1687.0020      3536.0041         2.8884    0.0338
      10  HKY+G4             5     -1690.0158      3536.0316         2.9159    0.0333
--------------------------------------------------------------------------------
Best model according to AIC
---------------------------
Model:              TPM1uf+G4
lnL:                -1687.5578
Frequencies:        0.3525 0.1789 0.1634 0.3052
Subst. Rates:       1.0000 2.1910 0.4930 0.4930 2.1910 1.0000 
Inv. sites prop:    -
Gamma shape:        0.9276
Score:              3533.1157
Weight:             0.1432
---------------------------
Parameter importances
---------------------------
P.Inv:              0.2703
Gamma:              0.3963
Gamma-Inv:          0.1445
Frequencies:        1.0000
---------------------------
Model averaged estimates
---------------------------
P.Inv:              0.4024
Alpha:              0.9310
Alpha-P.Inv:        1.1848
P.Inv-Alpha:        0.0716
Frequencies:        0.3531 0.1781 0.1640 0.3048 

Commands:
  > phyml  -i algn_os17357.fasta -m 012210 -f m -v 0 -a e -c 4 -o tlr
  > raxmlHPC-SSE3 -s algn_os17357.fasta -m GTRGAMMAX -n EXEC_NAME -p PARSIMONY_SEED
  > raxml-ng --msa algn_os17357.fasta --model TPM1uf+G4
  > paup -s algn_os17357.fasta
  > iqtree -s algn_os17357.fasta -m TPM1uf+G4

AICc      model              K            lnL          score          delta    weight
--------------------------------------------------------------------------------
       1  TPM1uf+G4          6     -1687.5578      3551.1157         0.0000    0.1361
       2  TPM1uf             5     -1689.3070      3551.6140         0.4983    0.1061
       3  TPM1uf+I           6     -1687.9280      3551.8560         0.7403    0.0940
       4  TIM1+G4            7     -1687.2678      3552.5355         1.4198    0.0669
       5  HKY+G4             5     -1690.0158      3553.0316         1.9159    0.0522
       6  TPM1uf+I+G4        7     -1687.5682      3553.1365         2.0208    0.0495
       7  TIM1+I             7     -1687.6602      3553.3204         2.2048    0.0452
       8  HKY+I              5     -1690.3666      3553.7333         2.6176    0.0368
       9  TPM3uf+G4          6     -1688.8700      3553.7400         2.6243    0.0366
      10  TIM1               6     -1688.9716      3553.9433         2.8276    0.0331
--------------------------------------------------------------------------------
Best model according to AICc
---------------------------
Model:              TPM1uf+G4
lnL:                -1687.5578
Frequencies:        0.3525 0.1789 0.1634 0.3052
Subst. Rates:       1.0000 2.1910 0.4930 0.4930 2.1910 1.0000 
Inv. sites prop:    -
Gamma shape:        0.9276
Score:              3551.1157
Weight:             0.1361
---------------------------
Parameter importances
---------------------------
P.Inv:              0.2587
Gamma:              0.3782
Gamma-Inv:          0.1157
Frequencies:        1.0000
---------------------------
Model averaged estimates
---------------------------
P.Inv:              0.4045
Alpha:              0.9298
Alpha-P.Inv:        1.1896
P.Inv-Alpha:        0.0744
Frequencies:        0.3529 0.1783 0.1640 0.3048 

Commands:
  > phyml  -i algn_os17357.fasta -m 012210 -f m -v 0 -a e -c 4 -o tlr
  > raxmlHPC-SSE3 -s algn_os17357.fasta -m GTRGAMMAX -n EXEC_NAME -p PARSIMONY_SEED
  > raxml-ng --msa algn_os17357.fasta --model TPM1uf+G4
  > paup -s algn_os17357.fasta
  > iqtree -s algn_os17357.fasta -m TPM1uf+G4
Done
