Physical cores: 8
Logical cores:  16
Memory:         15.5GB
Extensions:     AVX

WARNING: Partition DATA: Sequences AY749275.1_Oryza_barthii_voucher and AY749272.1_Oryza_longistaminata_voucher are identical
WARNING: Partition DATA: Sequences AY749269.1_Oryza_glumipatula_voucher and AY749248.1_Oryza_sativa_Indica are identical
WARNING: Partition DATA: Sequences AY749269.1_Oryza_glumipatula_voucher and AY749247.1_Oryza_sativa_Indica are identical
WARNING: Partition DATA: Sequences AY749268.1_Oryza_glumipatula_voucher and AY749267.1_Oryza_glumipatula_voucher are identical
WARNING: Partition DATA: Sequences AY749266.1_Oryza_longistaminata_voucher and AY749262.1_Oryza_nivara_voucher are identical
WARNING: Partition DATA: Sequences AY749266.1_Oryza_longistaminata_voucher and AY749258.1_Oryza_rufipogon_OsRFCD001283 are identical
WARNING: Partition DATA: Sequences AY749261.1_Oryza_nivara_voucher and AY749257.1_Oryza_rufipogon_voucher are identical
WARNING: Partition DATA: Sequences AY749261.1_Oryza_nivara_voucher and AY749256.1_Oryza_rufipogon_voucher are identical
WARNING: Partition DATA: Sequences AY749261.1_Oryza_nivara_voucher and AY749255.1_Oryza_rufipogon_voucher are identical
WARNING: Partition DATA: Sequences AY749261.1_Oryza_nivara_voucher and AY749254.1_Oryza_rufipogon_voucher are identical
WARNING: Partition DATA: Sequences AY749261.1_Oryza_nivara_voucher and AY749250.1_Oryza_sativa_Indica are identical
WARNING: Partition DATA: Sequences AY749253.1_Oryza_sativa_Japonica and AY749252.1_Oryza_sativa_Japonica are identical
WARNING: Partition DATA: Sequences AY749253.1_Oryza_sativa_Japonica and AY749251.1_Oryza_sativa_Japonica are identical
WARNING: MSA has not enough sites to infer reliable results
Creating new checkpoint file: algn_os1283.fasta.ckp
--------------------------------------------------------------------------------
ModelTest-NG v0.1.7

Input data:
  MSA:        algn_os1283.fasta
  Tree:       Maximum parsimony
    file:           -
  #taxa:            38
  #sites:           1534
  #patterns:        139
  Max. thread mem:  2 MB

Output:
  Log:           algn_os1283.fasta.log
  Starting tree: algn_os1283.fasta.tree
  Results:       algn_os1283.fasta.out

Selection options:
  # dna schemes:      11
  # dna models:       88
  include model parameters:
    Uniform:         true
    p-inv (+I):      true
    gamma (+G):      true
    both (+I+G):     true
    free rates (+R): false
    fixed freqs:     true
    estimated freqs: true
    #categories:     4
  gamma rates mode:   mean
  asc bias:           none
  epsilon (opt):      0.01
  epsilon (par):      0.05
  keep branches:      false

Additional options:
  verbosity:        very low
  threads:          1/8
  RNG seed:         12345
  subtree repeats:  enabled
--------------------------------------------------------------------------------
modeltest-ng was called as follows: 
>> modeltest-ng -i algn_os1283.fasta 


modeltest-ng: Warning: You are using one single thread out of 8 physical cores.
modeltest-ng:          You can set the number of threads with -p argument.
modeltest-ng: Try 'modeltest-ng --help' or 'modeltest-ng --usage' for more information

Partition 1/1

 ----ID---  ----MODEL---- ---Time--- -Elapsed--- -------LnL------- -Alpha- -P-inv-

Computation of likelihood scores completed. It took 0h:00:02

BIC       model              K            lnL          score          delta    weight
--------------------------------------------------------------------------------
       1  HKY+I              5     -2906.2198      6384.6190         0.0000    0.2471
       2  HKY                4     -2910.0189      6384.8817         0.2627    0.2167
       3  HKY+G4             5     -2906.7070      6385.5935         0.9745    0.1518
       4  TPM3uf+I           6     -2903.3437      6386.2024         1.5834    0.1120
       5  TPM3uf             5     -2907.4639      6387.1073         2.4883    0.0712
       6  TPM3uf+G4          6     -2903.8409      6387.1969         2.5780    0.0681
       7  TrN                5     -2908.6624      6389.5043         4.8853    0.0215
       8  TrN+I              6     -2905.0289      6389.5730         4.9540    0.0208
       9  TrN+G4             6     -2905.5231      6390.5613         5.9423    0.0127
      10  TIM3+I             7     -2902.0485      6390.9478         6.3288    0.0104
--------------------------------------------------------------------------------
Best model according to BIC
---------------------------
Model:              HKY+I
lnL:                -2906.2198
Frequencies:        0.3143 0.1881 0.1828 0.3149
Subst. Rates:       1.0000 3.7079 1.0000 1.0000 3.7079 1.0000 
Inv. sites prop:    0.4963
Gamma shape:        -
Score:              6384.6190
Weight:             0.2471
---------------------------
Parameter importances
---------------------------
P.Inv:              0.4086
Gamma:              0.2502
Gamma-Inv:          0.0076
Frequencies:        1.0000
---------------------------
Model averaged estimates
---------------------------
P.Inv:              0.5037
Alpha:              0.6091
Alpha-P.Inv:        39.9942
P.Inv-Alpha:        0.3125
Frequencies:        0.3144 0.1872 0.1829 0.3154 

Commands:
  > phyml  -i algn_os1283.fasta -m 010010 -f m -v e -a 0 -c 1 -o tlr
  > raxmlHPC-SSE3 -s algn_os1283.fasta -c 1 -m GTRCATIX -n EXEC_NAME -p PARSIMONY_SEED
  > raxml-ng --msa algn_os1283.fasta --model HKY+I
  > paup -s algn_os1283.fasta
  > iqtree -s algn_os1283.fasta -m HKY+I

AIC       model              K            lnL          score          delta    weight
--------------------------------------------------------------------------------
       1  TIM3+I             7     -2902.0485      5964.0971         0.0000    0.1771
       2  TPM3uf+I           6     -2903.3437      5964.6873         0.5902    0.1319
       3  TIM3+G4            7     -2902.5580      5965.1161         1.0190    0.1064
       4  TPM3uf+G4          6     -2903.8409      5965.6819         1.5848    0.0802
       5  GTR+I              9     -2901.0477      5966.0954         1.9984    0.0652
       6  TVM+I              8     -2902.3345      5966.6690         2.5719    0.0490
       7  TPM3uf+I+G4        7     -2903.3573      5966.7146         2.6175    0.0478
       8  GTR+G4             9     -2901.5300      5967.0600         2.9630    0.0403
       9  TIM3+I+G4          8     -2902.5687      5967.1374         3.0403    0.0387
      10  TVM+G4             8     -2902.7839      5967.5678         3.4708    0.0312
--------------------------------------------------------------------------------
Best model according to AIC
---------------------------
Model:              TIM3+I
lnL:                -2902.0485
Frequencies:        0.3168 0.1825 0.1849 0.3158
Subst. Rates:       2.1683 4.3149 1.0000 2.1683 6.4982 1.0000 
Inv. sites prop:    0.5190
Gamma shape:        -
Score:              5964.0971
Weight:             0.1771
---------------------------
Parameter importances
---------------------------
P.Inv:              0.5107
Gamma:              0.3120
Gamma-Inv:          0.1505
Frequencies:        1.0000
---------------------------
Model averaged estimates
---------------------------
P.Inv:              0.5106
Alpha:              0.5913
Alpha-P.Inv:        59.8529
P.Inv-Alpha:        0.3761
Frequencies:        0.3159 0.1843 0.1837 0.3162 

Commands:
  > phyml  -i algn_os1283.fasta -m 012032 -f m -v e -a 0 -c 1 -o tlr
  > raxmlHPC-SSE3 -s algn_os1283.fasta -c 1 -m GTRCATIX -n EXEC_NAME -p PARSIMONY_SEED
  > raxml-ng --msa algn_os1283.fasta --model TIM3+I
  > paup -s algn_os1283.fasta
  > iqtree -s algn_os1283.fasta -m TIM3+I

AICc      model              K            lnL          score          delta    weight
--------------------------------------------------------------------------------
       1  TIM3+I             7     -2902.0485      5972.0971         0.0000    0.1986
       2  TPM3uf+I           6     -2903.3437      5972.6873         0.5902    0.1478
       3  TIM3+G4            7     -2902.5580      5973.1161         1.0190    0.1193
       4  TPM3uf+G4          6     -2903.8409      5973.6819         1.5848    0.0899
       5  TPM3uf+I+G4        7     -2903.3573      5974.7146         2.6175    0.0537
       6  GTR+I              9     -2901.0477      5975.0954         2.9984    0.0444
       7  TVM+I              8     -2902.3345      5975.6690         3.5719    0.0333
       8  TrN+I              6     -2905.0289      5976.0579         3.9608    0.0274
       9  GTR+G4             9     -2901.5300      5976.0600         3.9630    0.0274
      10  TIM3+I+G4          8     -2902.5687      5976.1374         4.0403    0.0263
--------------------------------------------------------------------------------
Best model according to AICc
---------------------------
Model:              TIM3+I
lnL:                -2902.0485
Frequencies:        0.3168 0.1825 0.1849 0.3158
Subst. Rates:       2.1683 4.3149 1.0000 2.1683 6.4982 1.0000 
Inv. sites prop:    0.5190
Gamma shape:        -
Score:              5972.0971
Weight:             0.1986
---------------------------
Parameter importances
---------------------------
P.Inv:              0.5223
Gamma:              0.3183
Gamma-Inv:          0.1310
Frequencies:        1.0000
---------------------------
Model averaged estimates
---------------------------
P.Inv:              0.5119
Alpha:              0.5910
Alpha-P.Inv:        63.9064
P.Inv-Alpha:        0.3922
Frequencies:        0.3158 0.1843 0.1837 0.3161 

Commands:
  > phyml  -i algn_os1283.fasta -m 012032 -f m -v e -a 0 -c 1 -o tlr
  > raxmlHPC-SSE3 -s algn_os1283.fasta -c 1 -m GTRCATIX -n EXEC_NAME -p PARSIMONY_SEED
  > raxml-ng --msa algn_os1283.fasta --model TIM3+I
  > paup -s algn_os1283.fasta
  > iqtree -s algn_os1283.fasta -m TIM3+I
Summary:

Partition 1/1:
                         Model         Score        Weight
----------------------------------------------------------
       BIC               HKY+I     6384.6190        0.2471
       AIC              TIM3+I     5964.0971        0.1771
      AICc              TIM3+I     5972.0971        0.1986

Execution results written to algn_os1283.fasta.out
Starting tree written to algn_os1283.fasta.tree
