MPBoot version 1.1.0 for Linux 64-bit built Mar 23 2018
Copyright (c) 2016 Diep Thi Hoang, Le Sy Vinh, Tomas Flouri, Alexandros Stamatakis, Arndt von Haeseler and Bui Quang Minh.

WARNING: Your CPU supports AVX but you are using SSE3 version of MPBoot!
WARNING: Please switch to AVX version that is 40% faster than SSE3.

Host:    aleff (AVX512F, FMA3, 16 GB RAM)
Command: mpboot -s concat_os.fasta -pre concat_os -bb 1000
Seed:    809277 (Using SPRNG - Scalable Parallel Random Number Generator)
Time:    Wed Apr 30 17:21:02 2025
Kernel:  SSE3

Reading alignment file concat_os.fasta ... Fasta format detected
Alignment most likely contains DNA/RNA sequences
Alignment has 38 sequences with 3067 columns and 295 patterns
ID   Sequence             #Gap/Ambiguity
1    punctata             1389 (45.289%)	4
2    australiensis        1249 (40.724%)	4
3    meridionalis-AUS3    744  (24.258%)	4
4    meridionalis-AUS2    746  (24.323%)	4
5    meridionalis-AUS1    762  (24.845%)	4
6    longistaminata-NGA2  979  (31.920%)	4
7    longistaminata-ETH   984  (32.083%)	4
8    longistaminata-NGA1  979  (31.920%)	4
9    longistaminata-MLI   963  (31.399%)	4
10   barthii-CMR          951  (31.007%)	4
11   barthii-MLI          950  (30.975%)	4
12   barthii-SDN          950  (30.975%)	4
13   longistaminata-KEN   951  (31.007%)	4
14   glaberrima-BFA       952  (31.040%)	4
15   glaberrima-WAF       951  (31.007%)	4
16   glumaepatula-CUB     953  (31.073%)	4
17   glumaepatula-BRA     954  (31.105%)	4
18   glumaepatula-COL     954  (31.105%)	4
19   longistaminata-CIV   954  (31.105%)	4
20   nivara-IND           950  (30.975%)	4
21   nivara-CHN           683  (22.269%)	4
22   nivara-LKA2          952  (31.040%)	4
23   nivara-THA           951  (31.007%)	4
24   nivara-LKA1          953  (31.073%)	4
25   rufipogon-MMR        951  (31.007%)	4
26   rufipogon-LAO        950  (30.975%)	4
27   rufipogon-CHN        954  (31.105%)	4
28   rufipogon-IND2       956  (31.171%)	5
29   rufipogon-THA        955  (31.138%)	4
30   rufipogon-TAI        953  (31.073%)	4
31   rufipogon-IND1       953  (31.073%)	4
32   japonica-VNM         683  (22.269%)	4
33   japonica-GRC         683  (22.269%)	4
34   japonica-FRA         683  (22.269%)	4
35   indica-IND           953  (31.073%)	4
36   indica-IDN           954  (31.105%)	5
37   indica-CHN           954  (31.105%)	5
38   indica-PHL           956  (31.171%)	4
**** TOTAL                35342 (30.325%)
Time for parsimony tree construction: 0.003 seconds
Parsimony score: 465
Reordering patterns in alignment by decreasing order of pattern parsimony... 0.000 seconds

Create initial parsimony tree by phylogenetic likelihood library (PLL)... 0.001 seconds
Generating 1000 samples for bootstrap approximation...

NOTE: 1.927 MB RAM is required!
Current best tree score: 464

Generating 99 parsimony trees... (0 duplicated parsimony trees)
CPU time: 0
Finish initializing candidate tree set. Number of distinct locally optimal trees: 100
Current best score: 464 / CPU time: 0

Time: 0h:0m:0s
RATCHET Iteration 10 / Score: 464 / Time: 0h:0m:0s
RATCHET Iteration 20 / Score: 464 / Time: 0h:0m:0s (0h:0m:3s left)
RATCHET Iteration 30 / Score: 464 / Time: 0h:0m:0s (0h:0m:2s left)
RATCHET Iteration 40 / Score: 464 / Time: 0h:0m:1s (0h:0m:1s left)
RATCHET Iteration 50 / Score: 464 / Time: 0h:0m:1s (0h:0m:1s left)
RATCHET Iteration 60 / Score: 464 / Time: 0h:0m:1s (0h:0m:1s left)
RATCHET Iteration 70 / Score: 464 / Time: 0h:0m:1s (0h:0m:0s left)
RATCHET Iteration 80 / Score: 464 / Time: 0h:0m:1s (0h:0m:0s left)
RATCHET Iteration 90 / Score: 464 / Time: 0h:0m:2s (0h:0m:0s left)
RATCHET Iteration 100 / Score: 464 / Time: 0h:0m:2s (0h:0m:0s left)
Optimizing bootstrap trees ...
100 replicates done
200 replicates done
300 replicates done
400 replicates done
500 replicates done
600 replicates done
700 replicates done
800 replicates done
900 replicates done
1000 replicates done
CPU Time used:  3 sec.
NOTE: At the end, 28537 bootstrap candidate trees evaluated.
Scores of best 5 trees: 
464 464 464 464 464 
BEST SCORE FOUND : 464
Creating bootstrap support values...
Split supports printed to NEXUS file concat_os.splits.nex

CPU time used for tree search: 5.661 sec (0h:0m:5s)
Wall-clock time used for tree search: 5.746 sec (0h:0m:5s)
Total CPU time used: 5.722 sec (0h:0m:5s)
Total wall-clock time used: 5.812 sec (0h:0m:5s)

Computing bootstrap consensus tree...
Reading input file concat_os.splits.nex...
38 taxa and 610 splits.
Consensus tree written to concat_os.contree
Parsimony score of consensus tree: 464

Analysis results written to: 
  MPBoot report:                 concat_os.mpboot
  Maximum-parsimony  tree:       concat_os.treefile

Maximum parsimony bootstrap approximation results written to:
  Split support values:          concat_os.splits.nex
  Consensus tree:                concat_os.contree
  Screen log file:               concat_os.log

Date and Time: Wed Apr 30 17:21:08 2025
