
RAxML-NG v. 1.2.2 released on 11.04.2024 by The Exelixis Lab.
Developed by: Alexey M. Kozlov and Alexandros Stamatakis.
Contributors: Diego Darriba, Tomas Flouri, Benoit Morel, Sarah Lutteropp, Ben Bettisworth, Julia Haag, Anastasis Togkousidis.
Latest version: https://github.com/amkozlov/raxml-ng
Questions/problems/suggestions? Please visit: https://groups.google.com/forum/#!forum/raxml

System: 11th Gen Intel(R) Core(TM) i7-11800H @ 2.30GHz, 8 cores, 15 GB RAM

RAxML-NG was called at 30-Apr-2025 17:38:27 as follows:

raxml-ng --support --tree concat.raxml.bestTree --bs-trees concat.raxml.bootstraps --prefix concat --threads 5

Analysis options:
  run mode: Compute bipartition support (Felsenstein Bootstrap)
  start tree(s): user
  random seed: 1746031107
  SIMD kernels: AVX2
  parallelization: coarse-grained (auto), PTHREADS (5 threads), thread pinning: OFF

Reading reference tree from file: concat.raxml.bestTree
Reference tree size: 38

Reading bootstrap trees from file: concat.raxml.bootstraps
Loaded 1000 trees with 38 taxa.

Best ML tree with Felsenstein bootstrap (FBP) support values saved to: /home/aleff/Desktop/Phylogenetic_Relationships/concat.raxml.support

Execution log saved to: /home/aleff/Desktop/Phylogenetic_Relationships/concat.raxml.log

Analysis started: 30-Apr-2025 17:38:27 / finished: 30-Apr-2025 17:38:27

Elapsed time: 0.066 seconds

