--------------------------------------------------------------------------------
ModelTest-NG v0.1.7

Input data:
  MSA:        concat_os.fasta
  Tree:       Maximum parsimony
    file:           -
  #taxa:            38
  #sites:           3067
  #patterns:        295
  Max. thread mem:  5 MB

Output:
  Log:           concat_os.fasta.log
  Starting tree: concat_os.fasta.tree
  Results:       concat_os.fasta.out

Selection options:
  # dna schemes:      11
  # dna models:       88
  include model parameters:
    Uniform:         true
    p-inv (+I):      true
    gamma (+G):      true
    both (+I+G):     true
    free rates (+R): false
    fixed freqs:     true
    estimated freqs: true
    #categories:     4
  gamma rates mode:   mean
  asc bias:           none
  epsilon (opt):      0.01
  epsilon (par):      0.05
  keep branches:      false

Additional options:
  verbosity:        very low
  threads:          1/8
  RNG seed:         12345
  subtree repeats:  enabled
--------------------------------------------------------------------------------

BIC       model              K            lnL          score          delta    weight
--------------------------------------------------------------------------------
       1  TPM3uf+G4          6     -6764.3307     14162.9093         0.0000    0.5164
       2  HKY+G4             5     -6768.7691     14163.7577         0.8484    0.3379
       3  TIM3+G4            7     -6762.9427     14168.1619         5.2526    0.0374
       4  TPM3uf+I           6     -6767.5360     14169.3200         6.4106    0.0209
       5  TrN+G4             6     -6767.5460     14169.3399         6.4306    0.0207
       6  HKY+I              5     -6771.7616     14169.7427         6.8334    0.0169
       7  TPM1uf+G4          6     -6767.9900     14170.2280         7.3187    0.0133
       8  TPM3uf+I+G4        7     -6764.1635     14170.6034         7.6940    0.0110
       9  TPM2uf+G4          6     -6768.2019     14170.6518         7.7424    0.0108
      10  HKY+I+G4           6     -6768.5767     14171.4014         8.4920    0.0074
--------------------------------------------------------------------------------
Best model according to BIC
---------------------------
Model:              TPM3uf+G4
lnL:                -6764.3307
Frequencies:        0.3211 0.1889 0.1742 0.3158
Subst. Rates:       1.6881 4.9453 1.0000 1.6881 4.9453 1.0000 
Inv. sites prop:    -
Gamma shape:        0.5330
Score:              14162.9093
Weight:             0.5164
---------------------------
Parameter importances
---------------------------
P.Inv:              0.0415
Gamma:              0.9382
Gamma-Inv:          0.0203
Frequencies:        1.0000
---------------------------
Model averaged estimates
---------------------------
P.Inv:              0.5000
Alpha:              0.5385
Alpha-P.Inv:        1.0765
P.Inv-Alpha:        0.2443
Frequencies:        0.3213 0.1900 0.1743 0.3144 

Commands:
  > phyml  -i concat_os.fasta -m 012012 -f m -v 0 -a e -c 4 -o tlr
  > raxmlHPC-SSE3 -s concat_os.fasta -m GTRGAMMAX -n EXEC_NAME -p PARSIMONY_SEED
  > raxml-ng --msa concat_os.fasta --model TPM3uf+G4
  > paup -s concat_os.fasta
  > iqtree -s concat_os.fasta -m TPM3uf+G4

AIC       model              K            lnL          score          delta    weight
--------------------------------------------------------------------------------
       1  TIM3+G4            7     -6762.9427     13685.8855         0.0000    0.3028
       2  TPM3uf+G4          6     -6764.3307     13686.6614         0.7759    0.2054
       3  TIM3+I+G4          8     -6762.7223     13687.4445         1.5590    0.1389
       4  TPM3uf+I+G4        7     -6764.1635     13688.3269         2.4415    0.0893
       5  GTR+G4             9     -6762.3221     13688.6443         2.7588    0.0762
       6  TVM+G4             8     -6763.6421     13689.2843         3.3988    0.0553
       7  GTR+I+G4          10     -6762.2399     13690.4797         4.5942    0.0304
       8  TVM+I+G4           9     -6763.5150     13691.0301         5.1446    0.0231
       9  TIM3+I             7     -6766.2511     13692.5023         6.6168    0.0111
      10  TPM3uf+I           6     -6767.5360     13693.0720         7.1865    0.0083
--------------------------------------------------------------------------------
Best model according to AIC
---------------------------
Model:              TIM3+G4
lnL:                -6762.9427
Frequencies:        0.3233 0.1867 0.1761 0.3138
Subst. Rates:       1.7156 4.4114 1.0000 1.7156 5.6067 1.0000 
Inv. sites prop:    -
Gamma shape:        0.5413
Score:              13685.8855
Weight:             0.3028
---------------------------
Parameter importances
---------------------------
P.Inv:              0.0261
Gamma:              0.6761
Gamma-Inv:          0.2978
Frequencies:        1.0000
---------------------------
Model averaged estimates
---------------------------
P.Inv:              0.5042
Alpha:              0.5413
Alpha-P.Inv:        1.0296
P.Inv-Alpha:        0.2308
Frequencies:        0.3226 0.1878 0.1751 0.3145 

Commands:
  > phyml  -i concat_os.fasta -m 012032 -f m -v 0 -a e -c 4 -o tlr
  > raxmlHPC-SSE3 -s concat_os.fasta -m GTRGAMMAX -n EXEC_NAME -p PARSIMONY_SEED
  > raxml-ng --msa concat_os.fasta --model TIM3+G4
  > paup -s concat_os.fasta
  > iqtree -s concat_os.fasta -m TIM3+G4

AICc      model              K            lnL          score          delta    weight
--------------------------------------------------------------------------------
       1  TIM3+G4            7     -6762.9427     13689.8855         0.0000    0.3028
       2  TPM3uf+G4          6     -6764.3307     13690.6614         0.7759    0.2054
       3  TIM3+I+G4          8     -6762.7223     13691.4445         1.5590    0.1389
       4  TPM3uf+I+G4        7     -6764.1635     13692.3269         2.4415    0.0893
       5  GTR+G4             9     -6762.3221     13692.6443         2.7588    0.0762
       6  TVM+G4             8     -6763.6421     13693.2843         3.3988    0.0553
       7  GTR+I+G4          10     -6762.2399     13694.4797         4.5942    0.0304
       8  TVM+I+G4           9     -6763.5150     13695.0301         5.1446    0.0231
       9  TIM3+I             7     -6766.2511     13696.5023         6.6168    0.0111
      10  TPM3uf+I           6     -6767.5360     13697.0720         7.1865    0.0083
--------------------------------------------------------------------------------
Best model according to AICc
---------------------------
Model:              TIM3+G4
lnL:                -6762.9427
Frequencies:        0.3233 0.1867 0.1761 0.3138
Subst. Rates:       1.7156 4.4114 1.0000 1.7156 5.6067 1.0000 
Inv. sites prop:    -
Gamma shape:        0.5413
Score:              13689.8855
Weight:             0.3028
---------------------------
Parameter importances
---------------------------
P.Inv:              0.0261
Gamma:              0.6761
Gamma-Inv:          0.2978
Frequencies:        1.0000
---------------------------
Model averaged estimates
---------------------------
P.Inv:              0.5042
Alpha:              0.5413
Alpha-P.Inv:        1.0296
P.Inv-Alpha:        0.2308
Frequencies:        0.3226 0.1878 0.1751 0.3145 

Commands:
  > phyml  -i concat_os.fasta -m 012032 -f m -v 0 -a e -c 4 -o tlr
  > raxmlHPC-SSE3 -s concat_os.fasta -m GTRGAMMAX -n EXEC_NAME -p PARSIMONY_SEED
  > raxml-ng --msa concat_os.fasta --model TIM3+G4
  > paup -s concat_os.fasta
  > iqtree -s concat_os.fasta -m TIM3+G4
Done
