
RAxML-NG v. 1.2.2 released on 11.04.2024 by The Exelixis Lab.
Developed by: Alexey M. Kozlov and Alexandros Stamatakis.
Contributors: Diego Darriba, Tomas Flouri, Benoit Morel, Sarah Lutteropp, Ben Bettisworth, Julia Haag, Anastasis Togkousidis.
Latest version: https://github.com/amkozlov/raxml-ng
Questions/problems/suggestions? Please visit: https://groups.google.com/forum/#!forum/raxml

System: 11th Gen Intel(R) Core(TM) i7-11800H @ 2.30GHz, 8 cores, 15 GB RAM

RAxML-NG was called at 22-Apr-2025 14:03:08 as follows:

raxml-ng --support --tree OS1283.raxml.bestTree --bs-trees OS1283.raxml.bootstraps --prefix OS1283 --threads 5

Analysis options:
  run mode: Compute bipartition support (Felsenstein Bootstrap)
  start tree(s): user
  random seed: 1745326988
  SIMD kernels: AVX2
  parallelization: coarse-grained (auto), PTHREADS (5 threads), thread pinning: OFF

Reading reference tree from file: OS1283.raxml.bestTree
Reference tree size: 38

Reading bootstrap trees from file: OS1283.raxml.bootstraps
Loaded 1000 trees with 38 taxa.

Best ML tree with Felsenstein bootstrap (FBP) support values saved to: /home/aleff/Desktop/assingment1/OS1283.raxml.support

Execution log saved to: /home/aleff/Desktop/assingment1/OS1283.raxml.log

Analysis started: 22-Apr-2025 14:03:08 / finished: 22-Apr-2025 14:03:08

Elapsed time: 0.041 seconds

